This is pdfTeX, Version 3.14159265-2.6-1.40.16 (TeX Live 2015/Debian) (preloaded format=pdflatex 2018.1.20)  2 FEB 2018 18:29
entering extended mode
 restricted \write18 enabled.
 %&-line parsing enabled.
**lamp.tex
(./lamp.tex
LaTeX2e <2016/02/01>
Babel <3.9q> and hyphenation patterns for 3 language(s) loaded.
(/usr/share/texlive/texmf-dist/tex/latex/base/article.cls
Document Class: article 2014/09/29 v1.4h Standard LaTeX document class
(/usr/share/texlive/texmf-dist/tex/latex/base/size10.clo
File: size10.clo 2014/09/29 v1.4h Standard LaTeX file (size option)
)
\c@part=\count79
\c@section=\count80
\c@subsection=\count81
\c@subsubsection=\count82
\c@paragraph=\count83
\c@subparagraph=\count84
\c@figure=\count85
\c@table=\count86
\abovecaptionskip=\skip41
\belowcaptionskip=\skip42
\bibindent=\dimen102
)
(/usr/share/texlive/texmf-dist/tex/latex/graphics/graphicx.sty
Package: graphicx 2014/10/28 v1.0g Enhanced LaTeX Graphics (DPC,SPQR)

(/usr/share/texlive/texmf-dist/tex/latex/graphics/keyval.sty
Package: keyval 2014/10/28 v1.15 key=value parser (DPC)
\KV@toks@=\toks14
)
(/usr/share/texlive/texmf-dist/tex/latex/graphics/graphics.sty
Package: graphics 2016/01/03 v1.0q Standard LaTeX Graphics (DPC,SPQR)

(/usr/share/texlive/texmf-dist/tex/latex/graphics/trig.sty
Package: trig 2016/01/03 v1.10 sin cos tan (DPC)
)
(/usr/share/texlive/texmf-dist/tex/latex/latexconfig/graphics.cfg
File: graphics.cfg 2010/04/23 v1.9 graphics configuration of TeX Live
)
Package graphics Info: Driver file: pdftex.def on input line 95.

(/usr/share/texlive/texmf-dist/tex/latex/pdftex-def/pdftex.def
File: pdftex.def 2011/05/27 v0.06d Graphics/color for pdfTeX

(/usr/share/texlive/texmf-dist/tex/generic/oberdiek/infwarerr.sty
Package: infwarerr 2010/04/08 v1.3 Providing info/warning/error messages (HO)
)
(/usr/share/texlive/texmf-dist/tex/generic/oberdiek/ltxcmds.sty
Package: ltxcmds 2011/11/09 v1.22 LaTeX kernel commands for general use (HO)
)
\Gread@gobject=\count87
))
\Gin@req@height=\dimen103
\Gin@req@width=\dimen104
)
(/usr/share/texlive/texmf-dist/tex/latex/caption/subcaption.sty
Package: subcaption 2016/02/20 v1.1-142 Sub-captions (AR)

(/usr/share/texlive/texmf-dist/tex/latex/caption/caption.sty
Package: caption 2016/02/21 v3.3-144 Customizing captions (AR)

(/usr/share/texlive/texmf-dist/tex/latex/caption/caption3.sty
Package: caption3 2016/02/04 v1.7-139 caption3 kernel (AR)
Package caption3 Info: TeX engine: e-TeX on input line 67.
\captionmargin=\dimen105
\captionmargin@=\dimen106
\captionwidth=\dimen107
\caption@tempdima=\dimen108
\caption@indent=\dimen109
\caption@parindent=\dimen110
\caption@hangindent=\dimen111
)
\c@ContinuedFloat=\count88
)
\c@subfigure=\count89
\c@subtable=\count90
)
(/usr/share/texlive/texmf-dist/tex/latex/geometry/geometry.sty
Package: geometry 2010/09/12 v5.6 Page Geometry

(/usr/share/texlive/texmf-dist/tex/generic/oberdiek/ifpdf.sty
Package: ifpdf 2011/01/30 v2.3 Provides the ifpdf switch (HO)
Package ifpdf Info: pdfTeX in PDF mode is detected.
)
(/usr/share/texlive/texmf-dist/tex/generic/oberdiek/ifvtex.sty
Package: ifvtex 2010/03/01 v1.5 Detect VTeX and its facilities (HO)
Package ifvtex Info: VTeX not detected.
)
(/usr/share/texlive/texmf-dist/tex/generic/ifxetex/ifxetex.sty
Package: ifxetex 2010/09/12 v0.6 Provides ifxetex conditional
)
\Gm@cnth=\count91
\Gm@cntv=\count92
\c@Gm@tempcnt=\count93
\Gm@bindingoffset=\dimen112
\Gm@wd@mp=\dimen113
\Gm@odd@mp=\dimen114
\Gm@even@mp=\dimen115
\Gm@layoutwidth=\dimen116
\Gm@layoutheight=\dimen117
\Gm@layouthoffset=\dimen118
\Gm@layoutvoffset=\dimen119
\Gm@dimlist=\toks15
) (./lamp.aux)
\openout1 = `lamp.aux'.

LaTeX Font Info:    Checking defaults for OML/cmm/m/it on input line 7.
LaTeX Font Info:    ... okay on input line 7.
LaTeX Font Info:    Checking defaults for T1/cmr/m/n on input line 7.
LaTeX Font Info:    ... okay on input line 7.
LaTeX Font Info:    Checking defaults for OT1/cmr/m/n on input line 7.
LaTeX Font Info:    ... okay on input line 7.
LaTeX Font Info:    Checking defaults for OMS/cmsy/m/n on input line 7.
LaTeX Font Info:    ... okay on input line 7.
LaTeX Font Info:    Checking defaults for OMX/cmex/m/n on input line 7.
LaTeX Font Info:    ... okay on input line 7.
LaTeX Font Info:    Checking defaults for U/cmr/m/n on input line 7.
LaTeX Font Info:    ... okay on input line 7.

(/usr/share/texlive/texmf-dist/tex/context/base/supp-pdf.mkii
[Loading MPS to PDF converter (version 2006.09.02).]
\scratchcounter=\count94
\scratchdimen=\dimen120
\scratchbox=\box26
\nofMPsegments=\count95
\nofMParguments=\count96
\everyMPshowfont=\toks16
\MPscratchCnt=\count97
\MPscratchDim=\dimen121
\MPnumerator=\count98
\makeMPintoPDFobject=\count99
\everyMPtoPDFconversion=\toks17
) (/usr/share/texlive/texmf-dist/tex/generic/oberdiek/pdftexcmds.sty
Package: pdftexcmds 2011/11/29 v0.20 Utility functions of pdfTeX for LuaTeX (HO
)

(/usr/share/texlive/texmf-dist/tex/generic/oberdiek/ifluatex.sty
Package: ifluatex 2010/03/01 v1.3 Provides the ifluatex switch (HO)
Package ifluatex Info: LuaTeX not detected.
)
Package pdftexcmds Info: LuaTeX not detected.
Package pdftexcmds Info: \pdf@primitive is available.
Package pdftexcmds Info: \pdf@ifprimitive is available.
Package pdftexcmds Info: \pdfdraftmode found.
)
(/usr/share/texlive/texmf-dist/tex/latex/oberdiek/epstopdf-base.sty
Package: epstopdf-base 2010/02/09 v2.5 Base part for package epstopdf

(/usr/share/texlive/texmf-dist/tex/latex/oberdiek/grfext.sty
Package: grfext 2010/08/19 v1.1 Manage graphics extensions (HO)

(/usr/share/texlive/texmf-dist/tex/generic/oberdiek/kvdefinekeys.sty
Package: kvdefinekeys 2011/04/07 v1.3 Define keys (HO)
))
(/usr/share/texlive/texmf-dist/tex/latex/oberdiek/kvoptions.sty
Package: kvoptions 2011/06/30 v3.11 Key value format for package options (HO)

(/usr/share/texlive/texmf-dist/tex/generic/oberdiek/kvsetkeys.sty
Package: kvsetkeys 2012/04/25 v1.16 Key value parser (HO)

(/usr/share/texlive/texmf-dist/tex/generic/oberdiek/etexcmds.sty
Package: etexcmds 2011/02/16 v1.5 Avoid name clashes with e-TeX commands (HO)
Package etexcmds Info: Could not find \expanded.
(etexcmds)             That can mean that you are not using pdfTeX 1.50 or
(etexcmds)             that some package has redefined \expanded.
(etexcmds)             In the latter case, load this package earlier.
)))
Package grfext Info: Graphics extension search list:
(grfext)             [.png,.pdf,.jpg,.mps,.jpeg,.jbig2,.jb2,.PNG,.PDF,.JPG,.JPE
G,.JBIG2,.JB2,.eps]
(grfext)             \AppendGraphicsExtensions on input line 452.

(/usr/share/texlive/texmf-dist/tex/latex/latexconfig/epstopdf-sys.cfg
File: epstopdf-sys.cfg 2010/07/13 v1.3 Configuration of (r)epstopdf for TeX Liv
e
))
Package caption Info: Begin \AtBeginDocument code.
Package caption Info: End \AtBeginDocument code.

*geometry* driver: auto-detecting
*geometry* detected driver: pdftex
*geometry* verbose mode - [ preamble ] result:
* driver: pdftex
* paper: a4paper
* layout: <same size as paper>
* layoutoffset:(h,v)=(0.0pt,0.0pt)
* modes: 
* h-part:(L,W,R)=(36.135pt, 525.23788pt, 36.135pt)
* v-part:(T,H,B)=(36.135pt, 772.77686pt, 36.135pt)
* \paperwidth=597.50787pt
* \paperheight=845.04684pt
* \textwidth=525.23788pt
* \textheight=772.77686pt
* \oddsidemargin=-36.135pt
* \evensidemargin=-36.135pt
* \topmargin=-73.135pt
* \headheight=12.0pt
* \headsep=25.0pt
* \topskip=10.0pt
* \footskip=30.0pt
* \marginparwidth=57.0pt
* \marginparsep=11.0pt
* \columnsep=10.0pt
* \skip\footins=9.0pt plus 4.0pt minus 2.0pt
* \hoffset=0.0pt
* \voffset=0.0pt
* \mag=1000
* \@twocolumnfalse
* \@twosidefalse
* \@mparswitchfalse
* \@reversemarginfalse
* (1in=72.27pt=25.4mm, 1cm=28.453pt)

<lampINK.png, id=1, 1313.90875pt x 975.645pt>
File: lampINK.png Graphic file (type png)
 <use lampINK.png>
Package pdftex.def Info: lampINK.png used on input line 13.
(pdftex.def)             Requested size: 393.9284pt x 292.5171pt.

<lamp1.jpg, id=2, 4063.18pt x 3047.385pt>
File: lamp1.jpg Graphic file (type jpg)
 <use lamp1.jpg>
Package pdftex.def Info: lamp1.jpg used on input line 18.
(pdftex.def)             Requested size: 393.9284pt x 295.40999pt.

<lamp2.jpg, id=3, 4063.18pt x 3047.385pt>
File: lamp2.jpg Graphic file (type jpg)
 <use lamp2.jpg>
Package pdftex.def Info: lamp2.jpg used on input line 23.
(pdftex.def)             Requested size: 393.9284pt x 295.40999pt.


LaTeX Warning: `!h' float specifier changed to `!ht'.

<lamp3.jpg, id=4, 4063.18pt x 3047.385pt>
File: lamp3.jpg Graphic file (type jpg)
 <use lamp3.jpg>
Package pdftex.def Info: lamp3.jpg used on input line 28.
(pdftex.def)             Requested size: 393.9284pt x 295.40999pt.


LaTeX Warning: `!h' float specifier changed to `!ht'.

<lamp4.jpg, id=5, 4063.18pt x 3047.385pt>
File: lamp4.jpg Graphic file (type jpg)
 <use lamp4.jpg>
Package pdftex.def Info: lamp4.jpg used on input line 33.
(pdftex.def)             Requested size: 393.9284pt x 295.40999pt.


LaTeX Warning: `!h' float specifier changed to `!ht'.

<lamp5.jpg, id=6, 4063.18pt x 3047.385pt>
File: lamp5.jpg Graphic file (type jpg)
 <use lamp5.jpg>
Package pdftex.def Info: lamp5.jpg used on input line 38.
(pdftex.def)             Requested size: 393.9284pt x 295.40999pt.


LaTeX Warning: `!h' float specifier changed to `!ht'.

<lamp6.jpg, id=7, 4063.18pt x 3047.385pt>
File: lamp6.jpg Graphic file (type jpg)
 <use lamp6.jpg>
Package pdftex.def Info: lamp6.jpg used on input line 43.
(pdftex.def)             Requested size: 393.9284pt x 295.40999pt.


LaTeX Warning: `!h' float specifier changed to `!ht'.

<lamp7.jpg, id=8, 4063.18pt x 3047.385pt>
File: lamp7.jpg Graphic file (type jpg)
 <use lamp7.jpg>
Package pdftex.def Info: lamp7.jpg used on input line 48.
(pdftex.def)             Requested size: 393.9284pt x 295.40999pt.


LaTeX Warning: `!h' float specifier changed to `!ht'.

<lamp8.jpg, id=9, 4063.18pt x 3047.385pt>
File: lamp8.jpg Graphic file (type jpg)
 <use lamp8.jpg>
Package pdftex.def Info: lamp8.jpg used on input line 53.
(pdftex.def)             Requested size: 393.9284pt x 295.40999pt.


LaTeX Warning: `!h' float specifier changed to `!ht'.

<lamp9.jpg, id=10, 4063.18pt x 3047.385pt>
File: lamp9.jpg Graphic file (type jpg)
 <use lamp9.jpg>
Package pdftex.def Info: lamp9.jpg used on input line 58.
(pdftex.def)             Requested size: 393.9284pt x 295.40999pt.


LaTeX Warning: `!h' float specifier changed to `!ht'.

<lamp10.jpg, id=11, 4063.18pt x 3047.385pt>
File: lamp10.jpg Graphic file (type jpg)
 <use lamp10.jpg>
Package pdftex.def Info: lamp10.jpg used on input line 63.
(pdftex.def)             Requested size: 393.9284pt x 295.40999pt.


LaTeX Warning: `!h' float specifier changed to `!ht'.

<lamp12.jpg, id=12, 4063.18pt x 3047.385pt>
File: lamp12.jpg Graphic file (type jpg)
 <use lamp12.jpg>
Package pdftex.def Info: lamp12.jpg used on input line 68.
(pdftex.def)             Requested size: 393.9284pt x 295.40999pt.


LaTeX Warning: `!h' float specifier changed to `!ht'.

[1

{/var/lib/texmf/fonts/map/pdftex/updmap/pdftex.map} <./lampINK.png> <./lamp1.jp
g>] [2 <./lamp2.jpg> <./lamp3.jpg>] [3 <./lamp4.jpg> <./lamp5.jpg>] [4 <./lamp6
.jpg> <./lamp7.jpg>] [5 <./lamp8.jpg> <./lamp9.jpg>] [6 <./lamp10.jpg> <./lamp1
2.jpg>] (./lamp.aux) ) 
Here is how much of TeX's memory you used:
 3116 strings out of 494953
 48711 string characters out of 6180977
 109434 words of memory out of 5000000
 6388 multiletter control sequences out of 15000+600000
 4245 words of font info for 16 fonts, out of 8000000 for 9000
 14 hyphenation exceptions out of 8191
 42i,5n,40p,282b,249s stack positions out of 5000i,500n,10000p,200000b,80000s
</usr/share/texlive/texmf-dist/fonts/type1/public/amsfont
s/cm/cmbx12.pfb></usr/share/texlive/texmf-dist/fonts/type1/public/amsfonts/cm/c
mr10.pfb>
Output written on lamp.pdf (6 pages, 34881306 bytes).
PDF statistics:
 43 PDF objects out of 1000 (max. 8388607)
 20 compressed objects within 1 object stream
 0 named destinations out of 1000 (max. 500000)
 61 words of extra memory for PDF output out of 10000 (max. 10000000)

